TN:
SF:/home/travis/build/anishkny/realworld-dynamodb-lambda/src/Article.js
FN:168,(anonymous_0)
FN:261,(anonymous_1)
FN:277,queryEnoughArticles
FN:295,(anonymous_3)
FN:305,transformRetrievedArticle
FNF:5
FNH:5
FNDA:1,(anonymous_0)
FNDA:5,(anonymous_1)
FNDA:10,queryEnoughArticles
FNDA:91,(anonymous_3)
FNDA:95,transformRetrievedArticle
DA:1,51
DA:2,51
DA:3,51
DA:4,51
DA:9,51
DA:13,28
DA:14,28
DA:15,1
DA:16,1
DA:19,27
DA:20,27
DA:21,1
DA:22,1
DA:24,26
DA:25,26
DA:26,75
DA:27,3
DA:28,3
DA:32,23
DA:33,23
DA:35,23
DA:45,23
DA:46,21
DA:49,23
DA:54,23
DA:55,23
DA:56,23
DA:57,23
DA:58,23
DA:65,23
DA:70,4
DA:73,4
DA:78,4
DA:82,4
DA:83,2
DA:84,2
DA:87,2
DA:94,4
DA:95,4
DA:96,1
DA:97,1
DA:100,3
DA:103,3
DA:108,3
DA:112,3
DA:113,1
DA:114,1
DA:118,2
DA:119,1
DA:121,1
DA:124,1
DA:129,1
DA:130,1
DA:135,4
DA:136,4
DA:137,1
DA:138,1
DA:141,3
DA:144,3
DA:149,3
DA:153,3
DA:154,1
DA:155,1
DA:159,2
DA:160,2
DA:161,1
DA:162,1
DA:164,1
DA:165,1
DA:167,1
DA:168,1
DA:169,1
DA:170,1
DA:173,2
DA:175,2
DA:180,2
DA:181,2
DA:182,2
DA:186,8
DA:187,8
DA:188,8
DA:189,8
DA:190,8
DA:192,0
DA:195,8
DA:204,8
DA:205,2
DA:206,2
DA:207,6
DA:208,3
DA:209,3
DA:210,3
DA:211,1
DA:212,1
DA:215,8
DA:222,3
DA:223,3
DA:224,0
DA:225,0
DA:228,3
DA:229,3
DA:230,3
DA:233,3
DA:234,3
DA:235,1
DA:236,1
DA:239,2
DA:256,2
DA:257,3
DA:259,2
DA:261,5
DA:263,2
DA:265,2
DA:281,10
DA:282,10
DA:283,10
DA:285,10
DA:286,10
DA:287,0
DA:289,10
DA:294,10
DA:295,10
DA:296,91
DA:297,10
DA:298,10
DA:306,95
DA:307,95
DA:308,95
DA:309,95
DA:310,95
DA:311,0
DA:313,0
DA:315,95
DA:317,95
LF:134
LH:128
BRDA:14,0,0,1
BRDA:14,0,1,27
BRDA:20,1,0,1
BRDA:20,1,1,26
BRDA:26,2,0,3
BRDA:26,2,1,72
BRDA:45,3,0,21
BRDA:45,3,1,2
BRDA:55,4,0,23
BRDA:55,4,1,2
BRDA:60,5,0,23
BRDA:60,5,1,23
BRDA:61,6,0,23
BRDA:61,6,1,23
BRDA:73,7,0,4
BRDA:82,8,0,2
BRDA:82,8,1,2
BRDA:95,9,0,1
BRDA:95,9,1,3
BRDA:103,10,0,3
BRDA:112,11,0,1
BRDA:112,11,1,2
BRDA:118,12,0,1
BRDA:118,12,1,1
BRDA:136,13,0,1
BRDA:136,13,1,3
BRDA:144,14,0,3
BRDA:153,15,0,1
BRDA:153,15,1,2
BRDA:160,16,0,1
BRDA:160,16,1,1
BRDA:161,17,0,1
BRDA:161,17,1,0
BRDA:169,18,0,1
BRDA:169,18,1,0
BRDA:173,19,0,1
BRDA:173,19,1,1
BRDA:187,20,0,8
BRDA:187,20,1,2
BRDA:188,21,0,8
BRDA:188,21,1,6
BRDA:189,22,0,8
BRDA:189,22,1,7
BRDA:190,23,0,0
BRDA:190,23,1,8
BRDA:190,24,0,8
BRDA:190,24,1,2
BRDA:190,24,2,8
BRDA:190,24,3,2
BRDA:190,24,4,8
BRDA:190,24,5,2
BRDA:204,25,0,2
BRDA:204,25,1,6
BRDA:207,26,0,3
BRDA:207,26,1,3
BRDA:210,27,0,1
BRDA:210,27,1,2
BRDA:223,28,0,0
BRDA:223,28,1,3
BRDA:228,29,0,3
BRDA:228,29,1,3
BRDA:229,30,0,3
BRDA:229,30,1,3
BRDA:230,31,0,3
BRDA:230,31,1,3
BRDA:234,32,0,1
BRDA:234,32,1,2
BRDA:286,33,0,0
BRDA:286,33,1,10
BRDA:307,34,0,92
BRDA:307,34,1,3
BRDA:308,35,0,95
BRDA:308,35,1,94
BRDA:310,36,0,0
BRDA:310,36,1,95
BRDA:310,37,0,95
BRDA:310,37,1,1
BRF:77
BRH:71
end_of_record
TN:
SF:/home/travis/build/anishkny/realworld-dynamodb-lambda/src/Comment.js
FNF:0
FNH:0
DA:1,13
DA:2,13
DA:3,13
DA:4,13
DA:5,13
DA:10,13
DA:14,10
DA:15,10
DA:16,0
DA:17,0
DA:20,10
DA:21,10
DA:22,0
DA:23,0
DA:25,10
DA:27,10
DA:28,10
DA:32,10
DA:33,0
DA:34,0
DA:37,10
DA:38,10
DA:47,10
DA:52,10
DA:59,10
DA:64,1
DA:65,1
DA:67,1
DA:77,1
DA:78,10
DA:82,1
DA:87,2
DA:88,2
DA:89,0
DA:90,0
DA:92,2
DA:94,2
DA:100,2
DA:101,0
DA:102,0
DA:106,2
DA:107,1
DA:109,1
DA:112,1
DA:119,1
LF:45
LH:35
BRDA:15,0,0,0
BRDA:15,0,1,10
BRDA:21,1,0,0
BRDA:21,1,1,10
BRDA:21,2,0,10
BRDA:21,2,1,10
BRDA:32,3,0,0
BRDA:32,3,1,10
BRDA:54,4,0,10
BRDA:54,4,1,10
BRDA:55,5,0,10
BRDA:55,5,1,10
BRDA:88,6,0,0
BRDA:88,6,1,2
BRDA:100,7,0,0
BRDA:100,7,1,2
BRDA:106,8,0,1
BRDA:106,8,1,1
BRF:18
BRH:13
end_of_record
TN:
SF:/home/travis/build/anishkny/realworld-dynamodb-lambda/src/User.js
FN:205,mintToken
FN:210,getUserByEmail
FN:222,getUserByUsername
FN:231,getTokenFromEvent
FN:235,getProfileByUsername
FN:256,authenticateAndGetUser
FNF:6
FNH:6
FNDA:9,mintToken
FNDA:12,getUserByEmail
FNDA:182,getUserByUsername
FNDA:77,getTokenFromEvent
FNDA:109,getProfileByUsername
FNDA:76,authenticateAndGetUser
DA:1,100
DA:2,100
DA:3,100
DA:4,100
DA:6,100
DA:9,14
DA:11,14
DA:12,1
DA:13,1
DA:16,13
DA:17,13
DA:18,1
DA:19,1
DA:21,12
DA:22,1
DA:23,1
DA:25,11
DA:26,1
DA:27,1
DA:31,10
DA:32,10
DA:33,1
DA:34,1
DA:38,9
DA:39,9
DA:40,1
DA:41,1
DA:45,8
DA:46,8
DA:55,8
DA:67,6
DA:68,6
DA:69,1
DA:70,1
DA:72,5
DA:73,5
DA:74,1
DA:75,1
DA:77,4
DA:78,1
DA:79,1
DA:83,3
DA:84,3
DA:85,1
DA:86,1
DA:90,2
DA:92,1
DA:93,1
DA:96,1
DA:103,1
DA:107,5
DA:108,5
DA:109,4
DA:110,4
DA:112,1
DA:127,4
DA:129,4
DA:130,4
DA:132,4
DA:133,1
DA:134,1
DA:136,3
DA:142,7
DA:143,7
DA:144,1
DA:145,1
DA:147,6
DA:148,6
DA:149,6
DA:152,6
DA:153,5
DA:155,1
DA:157,4
DA:163,6
DA:169,6
DA:170,5
DA:172,1
DA:174,4
DA:179,6
DA:184,6
DA:190,6
DA:194,3
DA:200,3
DA:206,9
DA:211,12
DA:223,182
DA:232,77
DA:236,109
DA:237,109
DA:238,1
DA:241,108
DA:249,108
DA:250,31
DA:253,108
DA:257,76
DA:258,76
DA:259,61
DA:260,57
DA:261,57
DA:262,57
DA:264,19
LF:101
LH:101
BRDA:11,0,0,1
BRDA:11,0,1,13
BRDA:17,1,0,1
BRDA:17,1,1,12
BRDA:21,2,0,1
BRDA:21,2,1,11
BRDA:25,3,0,1
BRDA:25,3,1,10
BRDA:32,4,0,1
BRDA:32,4,1,9
BRDA:39,5,0,1
BRDA:39,5,1,8
BRDA:68,6,0,1
BRDA:68,6,1,5
BRDA:73,7,0,1
BRDA:73,7,1,4
BRDA:77,8,0,1
BRDA:77,8,1,3
BRDA:84,9,0,1
BRDA:84,9,1,2
BRDA:90,10,0,1
BRDA:90,10,1,1
BRDA:100,11,0,1
BRDA:100,11,1,1
BRDA:101,12,0,1
BRDA:101,12,1,1
BRDA:108,13,0,4
BRDA:108,13,1,1
BRDA:117,14,0,1
BRDA:117,14,1,1
BRDA:118,15,0,1
BRDA:118,15,1,1
BRDA:132,16,0,1
BRDA:132,16,1,3
BRDA:143,17,0,1
BRDA:143,17,1,6
BRDA:152,18,0,5
BRDA:152,18,1,1
BRDA:153,19,0,1
BRDA:153,19,1,4
BRDA:153,20,0,5
BRDA:153,20,1,2
BRDA:169,21,0,5
BRDA:169,21,1,1
BRDA:170,22,0,1
BRDA:170,22,1,4
BRDA:170,23,0,5
BRDA:170,23,1,2
BRDA:186,24,0,6
BRDA:186,24,1,6
BRDA:187,25,0,6
BRDA:187,25,1,6
BRDA:200,26,0,2
BRDA:200,26,1,1
BRDA:237,27,0,1
BRDA:237,27,1,108
BRDA:243,28,0,108
BRDA:243,28,1,108
BRDA:244,29,0,108
BRDA:244,29,1,108
BRDA:249,30,0,31
BRDA:249,30,1,77
BRDA:249,31,0,108
BRDA:249,31,1,32
BRF:64
BRH:64
end_of_record
TN:
SF:/home/travis/build/anishkny/realworld-dynamodb-lambda/src/Util.js
FN:55,RESPOND
FN:62,SUCCESS
FN:66,ERROR
FNF:3
FNH:3
FNDA:102,RESPOND
FNDA:72,SUCCESS
FNDA:30,ERROR
DA:11,102
DA:14,102
DA:22,102
DA:25,102
DA:28,1
DA:36,1
DA:37,1
DA:38,1
DA:39,1
DA:43,180
DA:56,102
DA:63,72
DA:67,30
DA:70,102
LF:14
LH:14
BRF:0
BRH:0
end_of_record
